[2020-07-08 23:53:52] Текст ошибки: Class 'app\controllers\PHPMailer' not found | файл: C:\Users\warks\OneDrive\domain\base-rating.eu\app\controllers\MainController.php на строке 13
=========================================
[2020-07-08 23:53:53] Текст ошибки: Class 'app\controllers\PHPMailer' not found | файл: C:\Users\warks\OneDrive\domain\base-rating.eu\app\controllers\MainController.php на строке 13
=========================================
[2020-07-08 23:53:53] Текст ошибки: Страница не найдена | файл: C:\Users\warks\OneDrive\domain\base-rating.eu\vendor\baserating\core\Router.php на строке 111
=========================================
[2020-07-08 23:59:51] Текст ошибки: syntax error, unexpected 'iler' (T_STRING) | файл: C:\Users\warks\OneDrive\domain\base-rating.eu\app\controllers\MainController.php на строке 14
=========================================
[2020-07-08 23:59:52] Текст ошибки: syntax error, unexpected 'iler' (T_STRING) | файл: C:\Users\warks\OneDrive\domain\base-rating.eu\app\controllers\MainController.php на строке 14
=========================================
[2020-07-08 23:59:52] Текст ошибки: syntax error, unexpected 'iler' (T_STRING) | файл: C:\Users\warks\OneDrive\domain\base-rating.eu\app\controllers\MainController.php на строке 14
=========================================
[2020-07-08 23:59:53] Текст ошибки: syntax error, unexpected 'iler' (T_STRING) | файл: C:\Users\warks\OneDrive\domain\base-rating.eu\app\controllers\MainController.php на строке 14
=========================================
[2020-07-09 00:26:24] Текст ошибки: Страница не найдена | файл: C:\Users\warks\OneDrive\domain\base-rating.eu\vendor\baserating\core\Router.php на строке 111
=========================================
[2020-07-09 00:27:21] Текст ошибки: Страница не найдена | файл: C:\Users\warks\OneDrive\domain\base-rating.eu\vendor\baserating\core\Router.php на строке 111
=========================================
[2020-07-09 00:27:26] Текст ошибки: Метод <b>app\controllers\MainController::userAction</b> не найден | файл: C:\Users\warks\OneDrive\domain\base-rating.eu\vendor\baserating\core\Router.php на строке 105
=========================================
[2020-07-09 00:32:46] Текст ошибки: Страница не найдена | файл: C:\Users\warks\OneDrive\domain\base-rating.eu\vendor\baserating\core\Router.php на строке 110
=========================================
[2020-07-09 00:52:27] Текст ошибки: syntax error, unexpected '$data' (T_VARIABLE), expecting '(' | файл: C:\Users\warks\OneDrive\domain\base-rating.eu\vendor\baserating\core\base\Model.php на строке 25
=========================================
[2020-07-09 00:52:52] Текст ошибки: Метод <b>app\controllers\UserController::singInAction</b> не найден | файл: C:\Users\warks\OneDrive\domain\base-rating.eu\vendor\baserating\core\Router.php на строке 104
=========================================
